0 info it worked if it ends with ok
1 verbose cli [ 'C:\\Program Files\\nodejs\\node.exe',
1 verbose cli   'C:\\Program Files\\nodejs\\node_modules\\npm\\bin\\npm-cli.js',
1 verbose cli   'install' ]
2 info using npm@2.14.12
3 info using node@v4.2.4
4 verbose readDependencies loading dependencies from E:\workspace\JsTest\package.json
5 warn package.json jstest@1.0.0 No description
6 warn package.json jstest@1.0.0 No repository field.
7 warn package.json jstest@1.0.0 No README data
8 verbose install where, deps [ 'E:\\workspace\\JsTest',
8 verbose install   [ 'async', 'jQuery', 'jquery', 'lodash', 'request', 'request-json' ] ]
9 verbose install where, peers [ 'E:\\workspace\\JsTest', [] ]
10 verbose installManyTop reading for lifecycle E:\workspace\JsTest\package.json
11 info preinstall jstest@1.0.0
12 verbose installManyTop reading scoped package data from E:\workspace\JsTest\node_modules\async\package.json
13 verbose installManyTop reading scoped package data from E:\workspace\JsTest\node_modules\cli-color\package.json
14 verbose installManyTop reading scoped package data from E:\workspace\JsTest\node_modules\jQuery\package.json
15 verbose installManyTop reading scoped package data from E:\workspace\JsTest\node_modules\lodash\package.json
16 verbose installManyTop reading scoped package data from E:\workspace\JsTest\node_modules\request\package.json
17 verbose installManyTop reading scoped package data from E:\workspace\JsTest\node_modules\request-json\package.json
18 info package.json jQuery@1.7.4 No license field.
19 verbose readDependencies loading dependencies from E:\workspace\JsTest\package.json
20 verbose targetResolver reading package data from E:\workspace\JsTest\node_modules\async\package.json
21 verbose targetResolver reading package data from E:\workspace\JsTest\node_modules\cli-color\package.json
22 verbose targetResolver reading package data from E:\workspace\JsTest\node_modules\jQuery\package.json
23 verbose targetResolver reading package data from E:\workspace\JsTest\node_modules\lodash\package.json
24 verbose targetResolver reading package data from E:\workspace\JsTest\node_modules\request\package.json
25 verbose targetResolver reading package data from E:\workspace\JsTest\node_modules\request-json\package.json
26 verbose already installed skipping lodash@^4.4.0 E:\workspace\JsTest
27 verbose already installed skipping request@^2.69.0 E:\workspace\JsTest
28 verbose already installed skipping request-json@^0.5.5 E:\workspace\JsTest
29 verbose already installed skipping async@^1.5.2 E:\workspace\JsTest
30 verbose already installed skipping jQuery@^1.7.4 E:\workspace\JsTest
31 silly cache add args [ 'jquery@^2.2.0', null ]
32 verbose cache add spec jquery@^2.2.0
33 silly cache add parsed spec Result {
33 silly cache add   raw: 'jquery@^2.2.0',
33 silly cache add   scope: null,
33 silly cache add   name: 'jquery',
33 silly cache add   rawSpec: '^2.2.0',
33 silly cache add   spec: '>=2.2.0 <3.0.0',
33 silly cache add   type: 'range' }
34 silly addNamed jquery@>=2.2.0 <3.0.0
35 verbose addNamed ">=2.2.0 <3.0.0" is a valid semver range for jquery
36 silly addNameRange { name: 'jquery', range: '>=2.2.0 <3.0.0', hasData: false }
37 silly mapToRegistry name jquery
38 silly mapToRegistry using default registry
39 silly mapToRegistry registry https://registry.npmjs.org/
40 silly mapToRegistry uri https://registry.npmjs.org/jquery
41 verbose addNameRange registry:https://registry.npmjs.org/jquery not in flight; fetching
42 verbose request uri https://registry.npmjs.org/jquery
43 verbose request no auth needed
44 info attempt registry request try #1 at 6:32:32 PM
45 verbose request id 8c607b606548d395
46 verbose etag "6TGMGC0COKB4KJENHU7UANBV7"
47 http request GET https://registry.npmjs.org/jquery
48 http 200 https://registry.npmjs.org/jquery
49 verbose headers { server: 'CouchDB/1.5.0 (Erlang OTP/R16B03)',
49 verbose headers   etag: '"2PQZPM1O7P1WCN6XUVTGYARA"',
49 verbose headers   'content-type': 'application/json',
49 verbose headers   'cache-control': 'max-age=300',
49 verbose headers   'content-length': '51780',
49 verbose headers   'accept-ranges': 'bytes',
49 verbose headers   date: 'Wed, 17 Feb 2016 11:32:11 GMT',
49 verbose headers   via: '1.1 varnish',
49 verbose headers   age: '34',
49 verbose headers   connection: 'keep-alive',
49 verbose headers   'x-served-by': 'cache-lhr6323-LHR',
49 verbose headers   'x-cache': 'HIT',
49 verbose headers   'x-cache-hits': '95',
49 verbose headers   'x-timer': 'S1455708731.995478,VS0,VE0',
49 verbose headers   vary: 'Accept' }
50 silly get cb [ 200,
50 silly get   { server: 'CouchDB/1.5.0 (Erlang OTP/R16B03)',
50 silly get     etag: '"2PQZPM1O7P1WCN6XUVTGYARA"',
50 silly get     'content-type': 'application/json',
50 silly get     'cache-control': 'max-age=300',
50 silly get     'content-length': '51780',
50 silly get     'accept-ranges': 'bytes',
50 silly get     date: 'Wed, 17 Feb 2016 11:32:11 GMT',
50 silly get     via: '1.1 varnish',
50 silly get     age: '34',
50 silly get     connection: 'keep-alive',
50 silly get     'x-served-by': 'cache-lhr6323-LHR',
50 silly get     'x-cache': 'HIT',
50 silly get     'x-cache-hits': '95',
50 silly get     'x-timer': 'S1455708731.995478,VS0,VE0',
50 silly get     vary: 'Accept' } ]
51 verbose get saving jquery to C:\Users\dongu\AppData\Roaming\npm-cache\registry.npmjs.org\jquery\.cache.json
52 silly addNameRange number 2 { name: 'jquery', range: '>=2.2.0 <3.0.0', hasData: true }
53 silly addNameRange versions [ 'jquery',
53 silly addNameRange   [ '1.5.1',
53 silly addNameRange     '1.6.2',
53 silly addNameRange     '1.6.3',
53 silly addNameRange     '1.7.2',
53 silly addNameRange     '1.7.3',
53 silly addNameRange     '1.8.2',
53 silly addNameRange     '1.8.3',
53 silly addNameRange     '2.1.0-beta2',
53 silly addNameRange     '2.1.0-beta3',
53 silly addNameRange     '1.11.0-beta3',
53 silly addNameRange     '1.11.0-rc1',
53 silly addNameRange     '2.1.0-rc1',
53 silly addNameRange     '1.11.0',
53 silly addNameRange     '2.1.0',
53 silly addNameRange     '2.1.1-beta1',
53 silly addNameRange     '1.11.1-beta1',
53 silly addNameRange     '2.1.1-rc1',
53 silly addNameRange     '1.11.1-rc1',
53 silly addNameRange     '2.1.1-rc2',
53 silly addNameRange     '1.11.1-rc2',
53 silly addNameRange     '2.1.1',
53 silly addNameRange     '1.11.1',
53 silly addNameRange     '1.9.1',
53 silly addNameRange     '2.1.2',
53 silly addNameRange     '1.11.2',
53 silly addNameRange     '2.1.3',
53 silly addNameRange     '2.1.4',
53 silly addNameRange     '1.11.3',
53 silly addNameRange     '3.0.0-alpha1',
53 silly addNameRange     '1.12.0',
53 silly addNameRange     '2.2.0',
53 silly addNameRange     '3.0.0-beta1' ] ]
54 silly addNamed jquery@2.2.0
55 verbose addNamed "2.2.0" is a plain semver version for jquery
56 silly cache afterAdd jquery@2.2.0
57 verbose afterAdd C:\Users\dongu\AppData\Roaming\npm-cache\jquery\2.2.0\package\package.json not in flight; writing
58 verbose afterAdd C:\Users\dongu\AppData\Roaming\npm-cache\jquery\2.2.0\package\package.json written
59 silly install resolved [ { name: 'jquery',
59 silly install resolved     title: 'jQuery',
59 silly install resolved     description: 'JavaScript library for DOM operations',
59 silly install resolved     version: '2.2.0',
59 silly install resolved     main: 'dist/jquery.js',
59 silly install resolved     homepage: 'http://jquery.com',
59 silly install resolved     author:
59 silly install resolved      { name: 'jQuery Foundation and other contributors',
59 silly install resolved        url: 'https://github.com/jquery/jquery/blob/2.2.0/AUTHORS.txt' },
59 silly install resolved     repository: { type: 'git', url: 'git+https://github.com/jquery/jquery.git' },
59 silly install resolved     keywords: [ 'jquery', 'javascript', 'browser', 'library' ],
59 silly install resolved     bugs: { url: 'https://github.com/jquery/jquery/issues' },
59 silly install resolved     license: 'MIT',
59 silly install resolved     dependencies: {},
59 silly install resolved     devDependencies:
59 silly install resolved      { commitplease: '2.0.0',
59 silly install resolved        'core-js': '0.9.17',
59 silly install resolved        grunt: '0.4.5',
59 silly install resolved        'grunt-babel': '5.0.1',
59 silly install resolved        'grunt-cli': '0.1.13',
59 silly install resolved        'grunt-compare-size': '0.4.0',
59 silly install resolved        'grunt-contrib-jshint': '0.11.2',
59 silly install resolved        'grunt-contrib-uglify': '0.9.2',
59 silly install resolved        'grunt-contrib-watch': '0.6.1',
59 silly install resolved        'grunt-git-authors': '2.0.1',
59 silly install resolved        'grunt-jscs': '2.1.0',
59 silly install resolved        'grunt-jsonlint': '1.0.4',
59 silly install resolved        'grunt-npmcopy': '0.1.0',
59 silly install resolved        'gzip-js': '0.3.2',
59 silly install resolved        jsdom: '5.6.1',
59 silly install resolved        'load-grunt-tasks': '1.0.0',
59 silly install resolved        qunitjs: '1.17.1',
59 silly install resolved        'qunit-assert-step': '1.0.3',
59 silly install resolved        requirejs: '2.1.17',
59 silly install resolved        sinon: '1.10.3',
59 silly install resolved        sizzle: '2.2.1',
59 silly install resolved        'strip-json-comments': '1.0.3',
59 silly install resolved        testswarm: '1.1.0',
59 silly install resolved        'win-spawn': '2.0.0' },
59 silly install resolved     scripts:
59 silly install resolved      { build: 'npm install && grunt',
59 silly install resolved        start: 'grunt watch',
59 silly install resolved        test: 'grunt && grunt test' },
59 silly install resolved     commitplease: { components: [Object] },
59 silly install resolved     gitHead: '6fc01e29bdad0964f62ef56d01297039cdcadbe5',
59 silly install resolved     _id: 'jquery@2.2.0',
59 silly install resolved     _shasum: 'd0e84ebbf199da51bf7ec39307f19b35754e9cba',
59 silly install resolved     _from: 'jquery@>=2.2.0 <3.0.0',
59 silly install resolved     _npmVersion: '3.3.12',
59 silly install resolved     _nodeVersion: '5.2.0',
59 silly install resolved     _npmUser: { name: 'timmywil', email: 'timmywillisn@gmail.com' },
59 silly install resolved     maintainers: [ [Object], [Object], [Object], [Object] ],
59 silly install resolved     dist:
59 silly install resolved      { shasum: 'd0e84ebbf199da51bf7ec39307f19b35754e9cba',
59 silly install resolved        tarball: 'http://registry.npmjs.org/jquery/-/jquery-2.2.0.tgz' },
59 silly install resolved     directories: {},
59 silly install resolved     _resolved: 'https://registry.npmjs.org/jquery/-/jquery-2.2.0.tgz',
59 silly install resolved     readme: 'ERROR: No README data found!' } ]
60 info install jquery@2.2.0 into E:\workspace\JsTest
61 info installOne jquery@2.2.0
62 verbose installOne of jquery to E:\workspace\JsTest not in flight; installing
63 verbose lock using C:\Users\dongu\AppData\Roaming\npm-cache\_locks\jquery-913be3ca75ccb755.lock for E:\workspace\JsTest\node_modules\jquery
64 silly install write writing jquery 2.2.0 to E:\workspace\JsTest\node_modules\jquery
65 verbose unbuild node_modules\jquery
66 info preuninstall jQuery@1.7.4
67 info uninstall jQuery@1.7.4
68 verbose unbuild rmStuff jQuery@1.7.4 from E:\workspace\JsTest\node_modules
69 info postuninstall jQuery@1.7.4
70 silly gentlyRm E:\workspace\JsTest\node_modules\jquery is being purged from base E:\workspace\JsTest
71 verbose gentlyRm don't care about contents; nuking E:\workspace\JsTest\node_modules\jquery
72 silly vacuum-fs purging E:\workspace\JsTest\node_modules\jquery
73 silly vacuum-fs quitting because other entries in E:\workspace\JsTest\node_modules
74 verbose tar unpack C:\Users\dongu\AppData\Roaming\npm-cache\jquery\2.2.0\package.tgz
75 verbose tar unpacking to E:\workspace\JsTest\node_modules\jquery
76 silly gentlyRm E:\workspace\JsTest\node_modules\jquery is being purged
77 verbose gentlyRm don't care about contents; nuking E:\workspace\JsTest\node_modules\jquery
78 silly gunzTarPerm modes [ '777', '666' ]
79 silly gunzTarPerm extractEntry package.json
80 silly gunzTarPerm modified mode [ 'package.json', 420, 438 ]
81 silly gunzTarPerm extractEntry README.md
82 silly gunzTarPerm modified mode [ 'README.md', 420, 438 ]
83 silly gunzTarPerm extractEntry AUTHORS.txt
84 silly gunzTarPerm modified mode [ 'AUTHORS.txt', 420, 438 ]
85 silly gunzTarPerm extractEntry LICENSE.txt
86 silly gunzTarPerm modified mode [ 'LICENSE.txt', 420, 438 ]
87 silly gunzTarPerm extractEntry bower.json
88 silly gunzTarPerm modified mode [ 'bower.json', 420, 438 ]
89 silly gunzTarPerm extractEntry dist/jquery.js
90 silly gunzTarPerm modified mode [ 'dist/jquery.js', 420, 438 ]
91 silly gunzTarPerm extractEntry dist/jquery.min.js
92 silly gunzTarPerm modified mode [ 'dist/jquery.min.js', 420, 438 ]
93 silly gunzTarPerm extractEntry dist/jquery.min.map
94 silly gunzTarPerm modified mode [ 'dist/jquery.min.map', 420, 438 ]
95 silly gunzTarPerm extractEntry src/wrap.js
96 silly gunzTarPerm modified mode [ 'src/wrap.js', 420, 438 ]
97 silly gunzTarPerm extractEntry src/css.js
98 silly gunzTarPerm modified mode [ 'src/css.js', 420, 438 ]
99 silly gunzTarPerm extractEntry src/selector.js
100 silly gunzTarPerm modified mode [ 'src/selector.js', 420, 438 ]
101 silly gunzTarPerm extractEntry src/data.js
102 silly gunzTarPerm modified mode [ 'src/data.js', 420, 438 ]
103 silly gunzTarPerm extractEntry src/serialize.js
104 silly gunzTarPerm modified mode [ 'src/serialize.js', 420, 438 ]
105 silly gunzTarPerm extractEntry src/deprecated.js
106 silly gunzTarPerm modified mode [ 'src/deprecated.js', 420, 438 ]
107 silly gunzTarPerm extractEntry src/dimensions.js
108 silly gunzTarPerm modified mode [ 'src/dimensions.js', 420, 438 ]
109 silly gunzTarPerm extractEntry src/selector-sizzle.js
110 silly gunzTarPerm modified mode [ 'src/selector-sizzle.js', 420, 438 ]
111 silly gunzTarPerm extractEntry src/effects.js
112 silly gunzTarPerm modified mode [ 'src/effects.js', 420, 438 ]
113 silly gunzTarPerm extractEntry src/selector-native.js
114 silly gunzTarPerm modified mode [ 'src/selector-native.js', 420, 438 ]
115 silly gunzTarPerm extractEntry src/core.js
116 silly gunzTarPerm modified mode [ 'src/core.js', 420, 438 ]
117 silly gunzTarPerm extractEntry src/queue.js
118 silly gunzTarPerm modified mode [ 'src/queue.js', 420, 438 ]
119 silly gunzTarPerm extractEntry src/support.js
120 silly gunzTarPerm modified mode [ 'src/support.js', 420, 438 ]
121 silly gunzTarPerm extractEntry src/outro.js
122 silly gunzTarPerm modified mode [ 'src/outro.js', 420, 438 ]
123 silly gunzTarPerm extractEntry src/callbacks.js
124 silly gunzTarPerm modified mode [ 'src/callbacks.js', 420, 438 ]
125 silly gunzTarPerm extractEntry src/intro.js
126 silly gunzTarPerm modified mode [ 'src/intro.js', 420, 438 ]
127 silly gunzTarPerm extractEntry src/attributes.js
128 silly gunzTarPerm modified mode [ 'src/attributes.js', 420, 438 ]
129 silly gunzTarPerm extractEntry src/jquery.js
130 silly gunzTarPerm modified mode [ 'src/jquery.js', 420, 438 ]
131 silly gunzTarPerm extractEntry src/traversing.js
132 silly gunzTarPerm modified mode [ 'src/traversing.js', 420, 438 ]
133 silly gunzTarPerm extractEntry src/offset.js
134 silly gunzTarPerm modified mode [ 'src/offset.js', 420, 438 ]
135 silly gunzTarPerm extractEntry src/ajax.js
136 silly gunzTarPerm modified mode [ 'src/ajax.js', 420, 438 ]
137 silly gunzTarPerm extractEntry src/manipulation.js
138 silly gunzTarPerm modified mode [ 'src/manipulation.js', 420, 438 ]
139 silly gunzTarPerm extractEntry src/deferred.js
140 silly gunzTarPerm modified mode [ 'src/deferred.js', 420, 438 ]
141 silly gunzTarPerm extractEntry src/event.js
142 silly gunzTarPerm modified mode [ 'src/event.js', 420, 438 ]
143 silly gunzTarPerm extractEntry src/data/Data.js
144 silly gunzTarPerm modified mode [ 'src/data/Data.js', 420, 438 ]
145 silly gunzTarPerm extractEntry src/data/accepts.js
146 silly gunzTarPerm modified mode [ 'src/data/accepts.js', 420, 438 ]
147 silly gunzTarPerm extractEntry src/data/support.js
148 silly gunzTarPerm modified mode [ 'src/data/support.js', 420, 438 ]
149 silly gunzTarPerm extractEntry src/data/var/acceptData.js
150 silly gunzTarPerm modified mode [ 'src/data/var/acceptData.js', 420, 438 ]
151 silly gunzTarPerm extractEntry src/data/var/dataPriv.js
152 silly gunzTarPerm modified mode [ 'src/data/var/dataPriv.js', 420, 438 ]
153 silly gunzTarPerm extractEntry src/data/var/dataUser.js
154 silly gunzTarPerm modified mode [ 'src/data/var/dataUser.js', 420, 438 ]
155 silly gunzTarPerm extractEntry src/manipulation/_evalUrl.js
156 silly gunzTarPerm modified mode [ 'src/manipulation/_evalUrl.js', 420, 438 ]
157 silly gunzTarPerm extractEntry src/manipulation/buildFragment.js
158 silly gunzTarPerm modified mode [ 'src/manipulation/buildFragment.js', 420, 438 ]
159 silly gunzTarPerm extractEntry src/manipulation/createSafeFragment.js
160 silly gunzTarPerm modified mode [ 'src/manipulation/createSafeFragment.js', 420, 438 ]
161 silly gunzTarPerm extractEntry src/manipulation/getAll.js
162 silly gunzTarPerm modified mode [ 'src/manipulation/getAll.js', 420, 438 ]
163 silly gunzTarPerm extractEntry src/manipulation/setGlobalEval.js
164 silly gunzTarPerm modified mode [ 'src/manipulation/setGlobalEval.js', 420, 438 ]
165 silly gunzTarPerm extractEntry src/manipulation/support.js
166 silly gunzTarPerm modified mode [ 'src/manipulation/support.js', 420, 438 ]
167 silly gunzTarPerm extractEntry src/manipulation/wrapMap.js
168 silly gunzTarPerm modified mode [ 'src/manipulation/wrapMap.js', 420, 438 ]
169 silly gunzTarPerm extractEntry src/manipulation/var/nodeNames.js
170 silly gunzTarPerm modified mode [ 'src/manipulation/var/nodeNames.js', 420, 438 ]
171 silly gunzTarPerm extractEntry src/manipulation/var/rcheckableType.js
172 silly gunzTarPerm modified mode [ 'src/manipulation/var/rcheckableType.js', 420, 438 ]
173 silly gunzTarPerm extractEntry src/manipulation/var/rleadingWhitespace.js
174 silly gunzTarPerm modified mode [ 'src/manipulation/var/rleadingWhitespace.js', 420, 438 ]
175 silly gunzTarPerm extractEntry src/manipulation/var/rscriptType.js
176 silly gunzTarPerm modified mode [ 'src/manipulation/var/rscriptType.js', 420, 438 ]
177 silly gunzTarPerm extractEntry src/manipulation/var/rtagName.js
178 silly gunzTarPerm modified mode [ 'src/manipulation/var/rtagName.js', 420, 438 ]
179 silly gunzTarPerm extractEntry src/queue/delay.js
180 silly gunzTarPerm modified mode [ 'src/queue/delay.js', 420, 438 ]
181 silly gunzTarPerm extractEntry src/ajax/jsonp.js
182 silly gunzTarPerm modified mode [ 'src/ajax/jsonp.js', 420, 438 ]
183 silly gunzTarPerm extractEntry src/ajax/load.js
184 silly gunzTarPerm modified mode [ 'src/ajax/load.js', 420, 438 ]
185 silly gunzTarPerm extractEntry src/ajax/parseJSON.js
186 silly gunzTarPerm modified mode [ 'src/ajax/parseJSON.js', 420, 438 ]
187 silly gunzTarPerm extractEntry src/ajax/parseXML.js
188 silly gunzTarPerm modified mode [ 'src/ajax/parseXML.js', 420, 438 ]
189 silly gunzTarPerm extractEntry src/ajax/script.js
190 silly gunzTarPerm modified mode [ 'src/ajax/script.js', 420, 438 ]
191 silly gunzTarPerm extractEntry src/ajax/xhr.js
192 silly gunzTarPerm modified mode [ 'src/ajax/xhr.js', 420, 438 ]
193 silly gunzTarPerm extractEntry src/ajax/var/location.js
194 silly gunzTarPerm modified mode [ 'src/ajax/var/location.js', 420, 438 ]
195 silly gunzTarPerm extractEntry src/ajax/var/nonce.js
196 silly gunzTarPerm modified mode [ 'src/ajax/var/nonce.js', 420, 438 ]
197 silly gunzTarPerm extractEntry src/ajax/var/rquery.js
198 silly gunzTarPerm modified mode [ 'src/ajax/var/rquery.js', 420, 438 ]
199 silly gunzTarPerm extractEntry src/event/ajax.js
200 silly gunzTarPerm modified mode [ 'src/event/ajax.js', 420, 438 ]
201 silly gunzTarPerm extractEntry src/event/alias.js
202 silly gunzTarPerm modified mode [ 'src/event/alias.js', 420, 438 ]
203 silly gunzTarPerm extractEntry src/event/focusin.js
204 silly gunzTarPerm modified mode [ 'src/event/focusin.js', 420, 438 ]
205 silly gunzTarPerm extractEntry src/event/support.js
206 silly gunzTarPerm modified mode [ 'src/event/support.js', 420, 438 ]
207 silly gunzTarPerm extractEntry src/event/trigger.js
208 silly gunzTarPerm modified mode [ 'src/event/trigger.js', 420, 438 ]
209 silly gunzTarPerm extractEntry src/effects/Tween.js
210 silly gunzTarPerm modified mode [ 'src/effects/Tween.js', 420, 438 ]
211 silly gunzTarPerm extractEntry src/effects/animatedSelector.js
212 silly gunzTarPerm modified mode [ 'src/effects/animatedSelector.js', 420, 438 ]
213 silly gunzTarPerm extractEntry src/effects/support.js
214 silly gunzTarPerm modified mode [ 'src/effects/support.js', 420, 438 ]
215 silly gunzTarPerm extractEntry src/exports/amd.js
216 silly gunzTarPerm modified mode [ 'src/exports/amd.js', 420, 438 ]
217 silly gunzTarPerm extractEntry src/exports/global.js
218 silly gunzTarPerm modified mode [ 'src/exports/global.js', 420, 438 ]
219 silly gunzTarPerm extractEntry src/css/addGetHookIf.js
220 silly gunzTarPerm modified mode [ 'src/css/addGetHookIf.js', 420, 438 ]
221 silly gunzTarPerm extractEntry src/css/adjustCSS.js
222 silly gunzTarPerm modified mode [ 'src/css/adjustCSS.js', 420, 438 ]
223 silly gunzTarPerm extractEntry src/css/curCSS.js
224 silly gunzTarPerm modified mode [ 'src/css/curCSS.js', 420, 438 ]
225 silly gunzTarPerm extractEntry src/css/defaultDisplay.js
226 silly gunzTarPerm modified mode [ 'src/css/defaultDisplay.js', 420, 438 ]
227 silly gunzTarPerm extractEntry src/css/hiddenVisibleSelectors.js
228 silly gunzTarPerm modified mode [ 'src/css/hiddenVisibleSelectors.js', 420, 438 ]
229 silly gunzTarPerm extractEntry src/css/showHide.js
230 silly gunzTarPerm modified mode [ 'src/css/showHide.js', 420, 438 ]
231 silly gunzTarPerm extractEntry src/css/support.js
232 silly gunzTarPerm modified mode [ 'src/css/support.js', 420, 438 ]
233 silly gunzTarPerm extractEntry src/css/var/cssExpand.js
234 silly gunzTarPerm modified mode [ 'src/css/var/cssExpand.js', 420, 438 ]
235 silly gunzTarPerm extractEntry src/css/var/getStyles.js
236 silly gunzTarPerm modified mode [ 'src/css/var/getStyles.js', 420, 438 ]
237 silly gunzTarPerm extractEntry src/css/var/isHidden.js
238 silly gunzTarPerm modified mode [ 'src/css/var/isHidden.js', 420, 438 ]
239 silly gunzTarPerm extractEntry src/css/var/rmargin.js
240 silly gunzTarPerm modified mode [ 'src/css/var/rmargin.js', 420, 438 ]
241 silly gunzTarPerm extractEntry src/css/var/rnumnonpx.js
242 silly gunzTarPerm modified mode [ 'src/css/var/rnumnonpx.js', 420, 438 ]
243 silly gunzTarPerm extractEntry src/css/var/swap.js
244 silly gunzTarPerm modified mode [ 'src/css/var/swap.js', 420, 438 ]
245 silly gunzTarPerm extractEntry src/core/access.js
246 silly gunzTarPerm modified mode [ 'src/core/access.js', 420, 438 ]
247 silly gunzTarPerm extractEntry src/core/init.js
248 silly gunzTarPerm modified mode [ 'src/core/init.js', 420, 438 ]
249 silly gunzTarPerm extractEntry src/core/parseHTML.js
250 silly gunzTarPerm modified mode [ 'src/core/parseHTML.js', 420, 438 ]
251 silly gunzTarPerm extractEntry src/core/ready.js
252 silly gunzTarPerm modified mode [ 'src/core/ready.js', 420, 438 ]
253 silly gunzTarPerm extractEntry src/core/support.js
254 silly gunzTarPerm modified mode [ 'src/core/support.js', 420, 438 ]
255 silly gunzTarPerm extractEntry src/core/var/rsingleTag.js
256 silly gunzTarPerm modified mode [ 'src/core/var/rsingleTag.js', 420, 438 ]
257 silly gunzTarPerm extractEntry src/traversing/findFilter.js
258 silly gunzTarPerm modified mode [ 'src/traversing/findFilter.js', 420, 438 ]
259 silly gunzTarPerm extractEntry src/traversing/var/dir.js
260 silly gunzTarPerm modified mode [ 'src/traversing/var/dir.js', 420, 438 ]
261 silly gunzTarPerm extractEntry src/traversing/var/rneedsContext.js
262 silly gunzTarPerm modified mode [ 'src/traversing/var/rneedsContext.js', 420, 438 ]
263 silly gunzTarPerm extractEntry src/traversing/var/siblings.js
264 silly gunzTarPerm modified mode [ 'src/traversing/var/siblings.js', 420, 438 ]
265 silly gunzTarPerm extractEntry src/attributes/attr.js
266 silly gunzTarPerm modified mode [ 'src/attributes/attr.js', 420, 438 ]
267 silly gunzTarPerm extractEntry src/attributes/classes.js
268 silly gunzTarPerm modified mode [ 'src/attributes/classes.js', 420, 438 ]
269 silly gunzTarPerm extractEntry src/attributes/prop.js
270 silly gunzTarPerm modified mode [ 'src/attributes/prop.js', 420, 438 ]
271 silly gunzTarPerm extractEntry src/attributes/support.js
272 silly gunzTarPerm modified mode [ 'src/attributes/support.js', 420, 438 ]
273 silly gunzTarPerm extractEntry src/attributes/val.js
274 silly gunzTarPerm modified mode [ 'src/attributes/val.js', 420, 438 ]
275 silly gunzTarPerm extractEntry src/var/arr.js
276 silly gunzTarPerm modified mode [ 'src/var/arr.js', 420, 438 ]
277 silly gunzTarPerm extractEntry src/var/document.js
278 silly gunzTarPerm modified mode [ 'src/var/document.js', 420, 438 ]
279 silly gunzTarPerm extractEntry src/var/documentElement.js
280 silly gunzTarPerm modified mode [ 'src/var/documentElement.js', 420, 438 ]
281 silly gunzTarPerm extractEntry src/var/hasOwn.js
282 silly gunzTarPerm modified mode [ 'src/var/hasOwn.js', 420, 438 ]
283 silly gunzTarPerm extractEntry src/var/deletedIds.js
284 silly gunzTarPerm modified mode [ 'src/var/deletedIds.js', 420, 438 ]
285 silly gunzTarPerm extractEntry src/var/pnum.js
286 silly gunzTarPerm modified mode [ 'src/var/pnum.js', 420, 438 ]
287 silly gunzTarPerm extractEntry src/var/push.js
288 silly gunzTarPerm modified mode [ 'src/var/push.js', 420, 438 ]
289 silly gunzTarPerm extractEntry src/var/rcssNum.js
290 silly gunzTarPerm modified mode [ 'src/var/rcssNum.js', 420, 438 ]
291 silly gunzTarPerm extractEntry src/var/rnotwhite.js
292 silly gunzTarPerm modified mode [ 'src/var/rnotwhite.js', 420, 438 ]
293 silly gunzTarPerm extractEntry src/var/slice.js
294 silly gunzTarPerm modified mode [ 'src/var/slice.js', 420, 438 ]
295 silly gunzTarPerm extractEntry src/var/concat.js
296 silly gunzTarPerm modified mode [ 'src/var/concat.js', 420, 438 ]
297 silly gunzTarPerm extractEntry src/var/support.js
298 silly gunzTarPerm modified mode [ 'src/var/support.js', 420, 438 ]
299 silly gunzTarPerm extractEntry src/var/class2type.js
300 silly gunzTarPerm modified mode [ 'src/var/class2type.js', 420, 438 ]
301 silly gunzTarPerm extractEntry src/var/toString.js
302 silly gunzTarPerm modified mode [ 'src/var/toString.js', 420, 438 ]
303 silly gunzTarPerm extractEntry src/var/indexOf.js
304 silly gunzTarPerm modified mode [ 'src/var/indexOf.js', 420, 438 ]
305 silly gunzTarPerm extractEntry src/.jshintrc
306 silly gunzTarPerm modified mode [ 'src/.jshintrc', 420, 438 ]
307 verbose write writing to E:\workspace\JsTest\node_modules\jquery\package.json
308 info preinstall jquery@2.2.0
309 verbose readDependencies loading dependencies from E:\workspace\JsTest\node_modules\jquery\package.json
310 verbose readDependencies loading dependencies from E:\workspace\JsTest\node_modules\jquery\package.json
311 silly install resolved []
312 verbose about to build E:\workspace\JsTest\node_modules\jquery
313 info build E:\workspace\JsTest\node_modules\jquery
314 info linkStuff jquery@2.2.0
315 silly linkStuff jquery@2.2.0 has E:\workspace\JsTest\node_modules as its parent node_modules
316 verbose linkBins jquery@2.2.0
317 verbose linkMans jquery@2.2.0
318 verbose rebuildBundles jquery@2.2.0
319 info install jquery@2.2.0
320 info postinstall jquery@2.2.0
321 verbose unlock done using C:\Users\dongu\AppData\Roaming\npm-cache\_locks\jquery-913be3ca75ccb755.lock for E:\workspace\JsTest\node_modules\jquery
322 info build E:\workspace\JsTest
323 info linkStuff jstest@1.0.0
324 silly linkStuff jstest@1.0.0 has E:\workspace as its parent node_modules
325 verbose linkBins jstest@1.0.0
326 verbose linkMans jstest@1.0.0
327 verbose rebuildBundles jstest@1.0.0
328 verbose rebuildBundles [ 'async',
328 verbose rebuildBundles   'cli-color',
328 verbose rebuildBundles   'jquery',
328 verbose rebuildBundles   'lodash',
328 verbose rebuildBundles   'request',
328 verbose rebuildBundles   'request-json' ]
329 verbose rebuild bundle E:\workspace\JsTest\node_modules\cli-color
330 info build E:\workspace\JsTest\node_modules\cli-color
331 info preinstall cli-color@1.1.0
332 info linkStuff cli-color@1.1.0
333 silly linkStuff cli-color@1.1.0 has E:\workspace\JsTest\node_modules as its parent node_modules
334 verbose linkBins cli-color@1.1.0
335 verbose linkMans cli-color@1.1.0
336 verbose rebuildBundles cli-color@1.1.0
337 verbose rebuildBundles [ 'ansi-regex',
337 verbose rebuildBundles   'd',
337 verbose rebuildBundles   'es5-ext',
337 verbose rebuildBundles   'es6-iterator',
337 verbose rebuildBundles   'memoizee',
337 verbose rebuildBundles   'timers-ext' ]
338 info install cli-color@1.1.0
339 info postinstall cli-color@1.1.0
340 info install jstest@1.0.0
341 verbose unsafe-perm in lifecycle true
342 info jstest@1.0.0 Failed to exec install script
343 verbose stack Error: jstest@1.0.0 install: `node-gyp rebuild`
343 verbose stack Exit status 1
343 verbose stack     at EventEmitter.<anonymous> (C:\Program Files\nodejs\node_modules\npm\lib\utils\lifecycle.js:214:16)
343 verbose stack     at emitTwo (events.js:87:13)
343 verbose stack     at EventEmitter.emit (events.js:172:7)
343 verbose stack     at ChildProcess.<anonymous> (C:\Program Files\nodejs\node_modules\npm\lib\utils\spawn.js:24:14)
343 verbose stack     at emitTwo (events.js:87:13)
343 verbose stack     at ChildProcess.emit (events.js:172:7)
343 verbose stack     at maybeClose (internal/child_process.js:818:16)
343 verbose stack     at Process.ChildProcess._handle.onexit (internal/child_process.js:211:5)
344 verbose pkgid jstest@1.0.0
345 verbose cwd E:\workspace\JsTest
346 error Windows_NT 10.0.10240
347 error argv "C:\\Program Files\\nodejs\\node.exe" "C:\\Program Files\\nodejs\\node_modules\\npm\\bin\\npm-cli.js" "install"
348 error node v4.2.4
349 error npm  v2.14.12
350 error code ELIFECYCLE
351 error jstest@1.0.0 install: `node-gyp rebuild`
351 error Exit status 1
352 error Failed at the jstest@1.0.0 install script 'node-gyp rebuild'.
352 error This is most likely a problem with the jstest package,
352 error not with npm itself.
352 error Tell the author that this fails on your system:
352 error     node-gyp rebuild
352 error You can get their info via:
352 error     npm owner ls jstest
352 error There is likely additional logging output above.
353 verbose exit [ 1, true ]
